<?xml version="1.0" encoding="UTF-8"?>
<testsuite name="ReverseStringTest" tests="6" skipped="0" failures="0" errors="0" timestamp="2020-07-21T05:22:41" hostname="PC12525" time="0.017">
  <properties/>
  <testcase name="testAWord" classname="ReverseStringTest" time="0.016"/>
  <testcase name="testAnEmptyString" classname="ReverseStringTest" time="0.0"/>
  <testcase name="testACapitalizedWord" classname="ReverseStringTest" time="0.0"/>
  <testcase name="testASentenceWithPunctuation" classname="ReverseStringTest" time="0.0"/>
  <testcase name="testAPalindrome" classname="ReverseStringTest" time="0.0"/>
  <testcase name="testAnEvenSizedWord" classname="ReverseStringTest" time="0.0"/>
  <system-out><![CDATA[]]></system-out>
  <system-err><![CDATA[]]></system-err>
</testsuite>
